<?xml version="1.0" encoding="UTF-8"?>
<!-- Generated by org.testng.reporters.JUnitReportReporter -->
<testsuite hostname="L-INE-5N15T93" failures="0" tests="1" name="com.Day17_Log4j.Google" time="1.344" errors="0" timestamp="2023-09-11T14:43:55 IST" skipped="0">
  <testcase classname="com.Day17_Log4j.Google" name="f" time="1.344"/>
</testsuite> <!-- com.Day17_Log4j.Google -->
