<?xml version="1.0" encoding="UTF-8"?>
<!-- Generated by org.testng.reporters.JUnitReportReporter -->
<testsuite hostname="L-INE-5N15T93" failures="0" tests="2" name="com.selenium.TestNgPackage.TestNg1" time="13.007" errors="0" timestamp="2023-09-04T16:36:10 GMT+05:30" skipped="0">
  <testcase classname="com.selenium.TestNgPackage.TestNg1" name="g" time="5.945"/>
  <testcase classname="com.selenium.TestNgPackage.TestNg1" name="f" time="7.062"/>
</testsuite> <!-- com.selenium.TestNgPackage.TestNg1 -->
