<?xml version="1.0" encoding="UTF-8"?>
<!-- Generated by org.testng.reporters.JUnitReportReporter -->
<testsuite hostname="L-INE-5N15T93" failures="0" tests="2" name="com.selenium.TestNgPackage.AnnotationExample" time="9.015" errors="0" timestamp="2023-09-04T13:04:04 IST" skipped="0">
  <testcase classname="com.selenium.TestNgPackage.AnnotationExample" name="go" time="2.335"/>
  <testcase classname="com.selenium.TestNgPackage.AnnotationExample" name="f" time="6.680"/>
</testsuite> <!-- com.selenium.TestNgPackage.AnnotationExample -->
