<?xml version="1.0" encoding="UTF-8"?>
<!-- Generated by org.testng.reporters.JUnitReportReporter -->
<testsuite hostname="L-INE-5N15T93" failures="0" tests="2" name="com.selenium.TestNgPackage.AnnotationExample1" time="8.363" errors="0" timestamp="2023-09-04T14:45:05 IST" skipped="0">
  <testcase classname="com.selenium.TestNgPackage.AnnotationExample1" name="f" time="6.053"/>
  <testcase classname="com.selenium.TestNgPackage.AnnotationExample1" name="go" time="2.310"/>
</testsuite> <!-- com.selenium.TestNgPackage.AnnotationExample1 -->
