<?xml version="1.0" encoding="UTF-8"?>
<!-- Generated by org.testng.reporters.JUnitReportReporter -->
<testsuite hostname="L-INE-5N15T93" failures="0" tests="2" name="com.selenium.Day11TestNgPackage.TestNgPriority" time="11.216" errors="0" timestamp="2023-09-04T17:29:57 IST" skipped="0">
  <testcase classname="com.selenium.Day11TestNgPackage.TestNgPriority" name="g" time="6.463"/>
  <testcase classname="com.selenium.Day11TestNgPackage.TestNgPriority" name="f" time="4.753"/>
</testsuite> <!-- com.selenium.Day11TestNgPackage.TestNgPriority -->
