<?xml version="1.0" encoding="UTF-8"?>
<!-- Generated by org.testng.reporters.JUnitReportReporter -->
<testsuite hostname="L-INE-5N15T93" failures="0" tests="1" name="com.selenium.TestNgPackage.DependsOn" time="0.084" errors="0" timestamp="2023-09-04T14:45:05 IST" skipped="0">
  <testcase classname="com.selenium.TestNgPackage.DependsOn" name="f" time="0.084"/>
</testsuite> <!-- com.selenium.TestNgPackage.DependsOn -->
