<?xml version="1.0" encoding="UTF-8"?>
<!-- Generated by org.testng.reporters.JUnitReportReporter -->
<testsuite hostname="L-INE-5N15T93" failures="0" tests="1" name="TestNg1" time="6.429" errors="0" timestamp="2023-09-04T10:55:51 IST" skipped="0">
  <testcase classname="TestNg1" name="f" time="6.429"/>
</testsuite> <!-- TestNg1 -->
