<?xml version="1.0" encoding="UTF-8"?>
<!-- Generated by org.testng.reporters.JUnitReportReporter -->
<testsuite hostname="L-INE-5N15T93" failures="0" tests="1" name="TestNg2" time="4.534" errors="0" timestamp="2023-09-04T11:06:24 IST" skipped="0">
  <testcase classname="TestNg2" name="f" time="4.534"/>
</testsuite> <!-- TestNg2 -->
